<?xml version="1.0" encoding="UTF-8"?>
<!-- Generated by org.testng.reporters.JUnitReportReporter -->
<testsuite hostname="DESKTOP-R1UP5HV" failures="0" tests="1" name="MyTestCases" time="1.142" errors="0" timestamp="2023-11-27T00:22:58 AST" skipped="0">
  <testcase classname="MyTestCases" name="MyFirstTest" time="1.142"/>
  <system-out/>
</testsuite> <!-- MyTestCases -->
